<?xml version="1.0" encoding="UTF-8"?>
<!-- Generated by org.testng.reporters.JUnitXMLReporter -->
<testsuite ignored="0" hostname="Shveta_Laptop" failures="0" tests="4" name="Default test" time="0.04" errors="0" timestamp="2022-02-07T19:51:40 EST">
  <testcase classname="com.testNg.TestNgAnnotations" name="testcase1" time="0.005"/>
  <testcase classname="com.testNg.TestNgAnnotations" name="testcase2" time="0.001"/>
  <testcase classname="com.testNg.TestNgAnnotations" name="testcase3" time="0.001"/>
  <testcase classname="com.testNg.TestNgAnnotations" name="testcase4" time="0.001"/>
</testsuite> <!-- Default test -->
