<?xml version="1.0" encoding="UTF-8"?>
<testng-results ignored="0" total="4" passed="4" failed="0" skipped="0">
  <reporter-output>
  </reporter-output>
  <suite started-at="2022-02-07T19:51:40 EST" name="Default suite" finished-at="2022-02-07T19:51:40 EST" duration-ms="40">
    <groups>
    </groups>
    <test started-at="2022-02-07T19:51:40 EST" name="Default test" finished-at="2022-02-07T19:51:40 EST" duration-ms="40">
      <class name="com.testNg.TestNgAnnotations">
        <test-method is-config="true" signature="beforeSuite()[pri:0, instance:com.testNg.TestNgAnnotations@17046283]" started-at="2022-02-07T19:51:40 EST" name="beforeSuite" finished-at="2022-02-07T19:51:40 EST" duration-ms="7" status="PASS">
          <reporter-output>
          </reporter-output>
        </test-method> <!-- beforeSuite -->
        <test-method is-config="true" signature="beforeTest()[pri:0, instance:com.testNg.TestNgAnnotations@17046283]" started-at="2022-02-07T19:51:40 EST" name="beforeTest" finished-at="2022-02-07T19:51:40 EST" duration-ms="0" status="PASS">
          <reporter-output>
          </reporter-output>
        </test-method> <!-- beforeTest -->
        <test-method is-config="true" signature="beforeClass()[pri:0, instance:com.testNg.TestNgAnnotations@17046283]" started-at="2022-02-07T19:51:40 EST" name="beforeClass" finished-at="2022-02-07T19:51:40 EST" duration-ms="0" status="PASS">
          <reporter-output>
          </reporter-output>
        </test-method> <!-- beforeClass -->
        <test-method is-config="true" signature="beforeMethod()[pri:0, instance:com.testNg.TestNgAnnotations@17046283]" started-at="2022-02-07T19:51:40 EST" name="beforeMethod" finished-at="2022-02-07T19:51:40 EST" duration-ms="1" status="PASS">
          <reporter-output>
          </reporter-output>
        </test-method> <!-- beforeMethod -->
        <test-method signature="testcase1()[pri:0, instance:com.testNg.TestNgAnnotations@17046283]" started-at="2022-02-07T19:51:40 EST" name="testcase1" finished-at="2022-02-07T19:51:40 EST" duration-ms="5" status="PASS">
          <reporter-output>
          </reporter-output>
        </test-method> <!-- testcase1 -->
        <test-method is-config="true" signature="afterMethod()[pri:0, instance:com.testNg.TestNgAnnotations@17046283]" started-at="2022-02-07T19:51:40 EST" name="afterMethod" finished-at="2022-02-07T19:51:40 EST" duration-ms="0" status="PASS">
          <reporter-output>
          </reporter-output>
        </test-method> <!-- afterMethod -->
        <test-method is-config="true" signature="beforeMethod()[pri:0, instance:com.testNg.TestNgAnnotations@17046283]" started-at="2022-02-07T19:51:40 EST" name="beforeMethod" finished-at="2022-02-07T19:51:40 EST" duration-ms="0" status="PASS">
          <reporter-output>
          </reporter-output>
        </test-method> <!-- beforeMethod -->
        <test-method signature="testcase2()[pri:0, instance:com.testNg.TestNgAnnotations@17046283]" started-at="2022-02-07T19:51:40 EST" name="testcase2" finished-at="2022-02-07T19:51:40 EST" duration-ms="1" status="PASS">
          <reporter-output>
          </reporter-output>
        </test-method> <!-- testcase2 -->
        <test-method is-config="true" signature="afterMethod()[pri:0, instance:com.testNg.TestNgAnnotations@17046283]" started-at="2022-02-07T19:51:40 EST" name="afterMethod" finished-at="2022-02-07T19:51:40 EST" duration-ms="1" status="PASS">
          <reporter-output>
          </reporter-output>
        </test-method> <!-- afterMethod -->
        <test-method is-config="true" signature="beforeMethod()[pri:0, instance:com.testNg.TestNgAnnotations@17046283]" started-at="2022-02-07T19:51:40 EST" name="beforeMethod" finished-at="2022-02-07T19:51:40 EST" duration-ms="0" status="PASS">
          <reporter-output>
          </reporter-output>
        </test-method> <!-- beforeMethod -->
        <test-method signature="testcase3()[pri:0, instance:com.testNg.TestNgAnnotations@17046283]" started-at="2022-02-07T19:51:40 EST" name="testcase3" finished-at="2022-02-07T19:51:40 EST" duration-ms="1" status="PASS">
          <reporter-output>
          </reporter-output>
        </test-method> <!-- testcase3 -->
        <test-method is-config="true" signature="beforeMethod()[pri:0, instance:com.testNg.TestNgAnnotations@17046283]" started-at="2022-02-07T19:51:40 EST" name="beforeMethod" finished-at="2022-02-07T19:51:40 EST" duration-ms="1" status="PASS">
          <reporter-output>
          </reporter-output>
        </test-method> <!-- beforeMethod -->
        <test-method is-config="true" signature="afterMethod()[pri:0, instance:com.testNg.TestNgAnnotations@17046283]" started-at="2022-02-07T19:51:40 EST" name="afterMethod" finished-at="2022-02-07T19:51:40 EST" duration-ms="0" status="PASS">
          <reporter-output>
          </reporter-output>
        </test-method> <!-- afterMethod -->
        <test-method signature="testcase4()[pri:0, instance:com.testNg.TestNgAnnotations@17046283]" started-at="2022-02-07T19:51:40 EST" name="testcase4" finished-at="2022-02-07T19:51:40 EST" duration-ms="1" status="PASS">
          <reporter-output>
          </reporter-output>
        </test-method> <!-- testcase4 -->
        <test-method is-config="true" signature="afterMethod()[pri:0, instance:com.testNg.TestNgAnnotations@17046283]" started-at="2022-02-07T19:51:40 EST" name="afterMethod" finished-at="2022-02-07T19:51:40 EST" duration-ms="0" status="PASS">
          <reporter-output>
          </reporter-output>
        </test-method> <!-- afterMethod -->
        <test-method is-config="true" signature="afterClass()[pri:0, instance:com.testNg.TestNgAnnotations@17046283]" started-at="2022-02-07T19:51:40 EST" name="afterClass" finished-at="2022-02-07T19:51:40 EST" duration-ms="0" status="PASS">
          <reporter-output>
          </reporter-output>
        </test-method> <!-- afterClass -->
        <test-method is-config="true" signature="afterTest()[pri:0, instance:com.testNg.TestNgAnnotations@17046283]" started-at="2022-02-07T19:51:40 EST" name="afterTest" finished-at="2022-02-07T19:51:40 EST" duration-ms="1" status="PASS">
          <reporter-output>
          </reporter-output>
        </test-method> <!-- afterTest -->
        <test-method is-config="true" signature="afterSuite()[pri:0, instance:com.testNg.TestNgAnnotations@17046283]" started-at="2022-02-07T19:51:40 EST" name="afterSuite" finished-at="2022-02-07T19:51:40 EST" duration-ms="1" status="PASS">
          <reporter-output>
          </reporter-output>
        </test-method> <!-- afterSuite -->
      </class> <!-- com.testNg.TestNgAnnotations -->
    </test> <!-- Default test -->
  </suite> <!-- Default suite -->
</testng-results>
